|SourceProjectName:My_Cloud_Products_Big6_Online_Help.hpr
|DestinationProjectName:index.htm
whhost.js
whmsg.js
whmozemu.js
whutils.js
whproxy.js
whstub.js
whver.js
whform.js
whphost.js
whstart.js
whtopic.js
whframes.js
whlang.js
xmlreadhelper.js
whskin_info.htm
whskin_blank.htm
whskin_pickup.htm
whskin_homepage.htm
whskin_tw.htm
whnjs.htm
whthost.js
whtdhtml.htm
whihost.js
whibody.htm
whiform.htm
whfhost.js
whfbody.htm
whfform.htm
whghost.js
whgbody.htm
whgdhtml.htm
whgdef.htm
whproj.js
whproj.htm
whdata\whtoc.js
whdata\whtoc.htm
whdata\whtdata.js
whdata\whidx.js
whdata\whidx.htm
whdata\whidata.js
whdata\whglo.js
whdata\whglo.htm
whdata\whgdata.js
whgdata\whnvp30.htm
whgdata\whnvp31.htm
whgdata\whnvp32.htm
whgdata\whnvp33.htm
whgdata\whnvt30.htm
whgdata\whnvt31.htm
whgdata\whnvt32.htm
whgdata\whnvt33.htm
whgdata\whnvf30.htm
whgdata\whnvf31.htm
whgdata\whnvf32.htm
whgdata\whnvf33.htm
whgdata\whnvl31.htm
whgdata\whnvl32.htm
whgdata\whnvl33.htm
whgdata\whexpbar.gif
cshdat_webhelp.htm
whcsh_home.htm
whcshdata.js
cshdat_robohelp.htm
wht_tab0.gif
wht_tab1.gif
wht_tab2.gif
wht_tab3.gif
wht_tab4.gif
wht_tab5.gif
wht_tab6.gif
wht_tab7.gif
wht_tab8.gif
wht_glo_h.gif
wht_glo_n.gif
wht_fts_h.gif
wht_fts_n.gif
wht_idx_h.gif
wht_idx_n.gif
wht_toc_h.gif
wht_toc_n.gif
wht_ws.gif
wht_ws_g.gif
wht_logo1.gif
wht_logo2.gif
wht_abgw.jpg
wht_abgi.jpg
wht_abge.jpg
wht_abtw.jpg
wht_abte.jpg
wht_abti.jpg
wht_spac.gif
wht_next.gif
wht_next_g.gif
wht_prev.gif
wht_prev_g.gif
wht_sync.gif
wht_hide.gif
wht_go.gif
whstart.ico
whestart.ico
whrstart.ico
whidhtml.htm
whfdhtml.htm
whskin_banner.htm
whtbar.js
1toc_help_book-nus.png
go.png
1toc_help_book.png
1toc_help_openbook.png
1toc_help_topic.png
whskin_pdhtml.htm
whskin_plist.htm
whskin_tbars.htm
whskin_mbars.htm
wht_toc4.gif
whskin_frmset010.htm
whst_topics.xml
whskin_frmset01.htm
index_hha.hhk
index.hhc
index.hhk
about_disk_status.htm
about_iso_mount.htm
access_at_home.htm
access_check_status.htm
access_from_laptop.htm
access_from_mobile.htm
adding_apps.htm
assigning_share_access_for_a_group.htm
assigning_user_quotas.htm
backing_up_with_elephantdrive.htm
changing_the_ipv6_network_mode.htm
changing_the_raid_mode.htm
checking_for_firmware_updates.htm
clearing_the_recycle_bin.htm
cloud_access_about.htm
cloud_access_status_.htm
cloud_one-time_setup.htm
connecting_a_virtualized_volume_to_a_target.htm
copying_your_usb_drive.htm
creating_a_camera_backup.htm
creating_a_p2p_download.htm
creating_a_remote_backup.htm
creating_a_usb_backup.htm
creating_a_user_group.htm
creating_an_amazon_s3_cloud_backup.htm
creating_an_internal_backup.htm
creating_an_iscsi_target.htm
creating_an_iso_image.htm
creating_an_iso_share.htm
creating_volume_virtualization.htm
deleting_a_group.htm
deleting_a_usb_backup_job.htm
deleting_an_apps.htm
deleting_an_ftp_download.htm
deleting_an_http_download.htm
deleting_an_internal_backup_job.htm
deleting_an_iscsi_target.htm
deleting_an_iso_share.htm
dlna_about.htm
dlna_itunes_rescan.htm
download.htm
editing_a_group_profile.htm
ejecting_a_usb_drive.htm
enabling_active_directory.htm
enabling_an_elephantdrive_cloud_backup.htm
enabling_cloud_access.htm
enabling_disabling_an_iscsi_target.htm
enabling_disabling_extended_logging.htm
enabling_dynamic_dns.htm
enabling_iscs_client.htm
enabling_itunes.htm
enabling_share_aggregation.htm
enabling_snmp.htm
flashing_the_system_leds.htm
formatting_your_my_cloud_device_disk.htm
general_access_connect_options.htm
general_access_turnon.htm
general_change_device_descrip.htm
general_change_device_name.htm
general_date_and_time.htm
general_language.htm
general_sleep.htm
general_time_machine.htm
general_time_machine_off.htm
get_info.htm
get_start_setup_users.htm
get_started_owner.htm
initiating_an_immediate_internal_backup.htm
making_a_share_private.htm
managing_web_files.htm
manually_adding_apps.htm
media_dlna_turnon.htm
modifying_a_virtualized_volume.htm
modifying_an_ftp_download.htm
modifying_an_http_download_.htm
modifying_an_internal_backup_job.htm
modifying_an_iscsi_target.htm
modifying_an_iso_share.htm
network_address.htm
network_cable.htm
network_ftp.htm
network_mode_ipv4.htm
network_ssh.htm
network_workgroup.htm
notifications_configure.htm
port_forwarding.htm
rebuilding_the_dlna_server_database.htm
recovering_a_remote_backup.htm
recovering_from_safe_mode.htm
remote_access_add_mobile.htm
remote_access_remove_device.htm
remote_access_setup_general.htm
remote_basics.htm
rescanning_the_dlna_server_database.htm
scanning_your_my_cloud_device_disk_for_errors.htm
scheduling_an_ftp_download.htm
scheduling_an_http_download.htm
scheduling_device_shutdowns.htm
selecting_link_aggregation.htm
setting_energy_saver_modes.htm
setting_lltd.htm
setting_the_afp_service.htm
setting_the_date_format.htm
setting_the_jumbo_frame.htm
setting_the_link_speed.htm
setting_the_local_master_browser.htm
setting_the_max_smb_protocol.htm
setting_the_network_ups.htm
setting_the_time_format.htm
setting_user_quotas.htm
share_add.htm
share_delete.htm
shares_about.htm
signing_up_for_wdmycloud.com.htm
support_request.htm
turning_on_off_dashboard_cloud_access.htm
turning_on_off_the_nsf_service.htm
turning_the_front_lcd_on_off.htm
turning_the_wevdav_service_on_off.htm
turning_usb_content_availability_on_off.htm
updates_about.htm
updates_auto.htm
updates_file.htm
upload.htm
user_about.htm
user_add.htm
user_change_access.htm
user_password.htm
user_remove.htm
user_view.htm
utilities_export.htm
utilities_import.htm
utilities_reboot.htm
utilities_restore.htm
utilities_shutdown.htm
utilities_tests.htm
viewing_device_uptime.htm
viewing_group_information.htm
viewing_hard_drive_information.htm
viewing_internal_bakup_job_details.htm
viewing_s.m.a.r.t_data_for_your_hard_drive.htm
viewing_system_logs.htm
viewing_the_current_raid_mode.htm
viewing_the_details_of_an_iso_share.htm
viewing_the_notification_display.htm
welcome.htm
what_are_apps_.htm
what_are_user_groups_.htm
what_is_a_workgroup_.htm
what_is_dlna_.htm
what_is_iscsi_.htm
what_is_raid_storage.htm
index.glo
default.css
graphics\copy_icon.png
graphics\anchor_up.png
graphics\anchor_down.png
graphics\arrow_down_orange.png
graphics\upload_icon.png
graphics\icon_account.png
graphics\icon_settings_readonlyaccess-01.png
graphics\download_icon.png
graphics\toggle_button.png
graphics\usb_icon.png
graphics\arrow_right_orange.png
graphics\create_icon.png
graphics\refresh_icon.png
graphics\rename_icon.png
graphics\question_mark.png
graphics\icon_settings_noaccess-01.png
graphics\move_icon.png
graphics\delete_icon.png
graphics\icon_settings_readwriteaccess-01.png
index.ppf
ehlpdhtm.js
searchoptions.xml
robohhre.lng
whxdata\package_0_xml.js
whxdata\package_1_xml.js
whxdata\package_2_xml.js
whxdata\package_3_xml.js
whxdata\package_4_xml.js
whxdata\package_5_xml.js
whxdata\package_6_xml.js
whxdata\package_7_xml.js
whxdata\package_8_xml.js
whxdata\package_9_xml.js
whxdata\package_10_xml.js
whxdata\package_11_xml.js
whxdata\package_12_xml.js
whxdata\package_13_xml.js
whxdata\package_14_xml.js
whxdata\package_15_xml.js
whxdata\package_16_xml.js
whxdata\package_17_xml.js
whxdata\package_18_xml.js
whxdata\package_19_xml.js
whxdata\package_20_xml.js
whxdata\package_21_xml.js
whxdata\package_22_xml.js
whxdata\package_23_xml.js
whxdata\package_24_xml.js
whxdata\package_25_xml.js
whxdata\package_26_xml.js
whxdata\package_27_xml.js
whxdata\package_28_xml.js
whxdata\package_29_xml.js
whxdata\package_30_xml.js
whxdata\package_31_xml.js
whxdata\package_32_xml.js
whxdata\package_33_xml.js
whxdata\package_34_xml.js
whxdata\package_35_xml.js
whxdata\package_36_xml.js
whxdata\package_37_xml.js
whxdata\package_38_xml.js
whxdata\package_39_xml.js
whxdata\package_40_xml.js
whxdata\packageindex_xml.js
whxdata\synonym.xml
whxdata\synonym_xml.js
whxdata\topictable_0_xml.js
whxdata\topictable_1_xml.js
whxdata\topictable_2_xml.js
whxdata\topictableindex_xml.js
whxdata\whfts.xml
whxdata\whfts_xml.js
whproj_xml.js
whxdata\whtoc_xml.js
whxdata\whidx_xml.js
whxdata\whglo_xml.js
resource\resource_xml.js
whbrs_xml.js
whres_xml.js
whcsh_xml.js
whxdata\whtdata0_xml.js
whdata\whtdata0.htm
whgdata\whlstt0.htm
whgdata\whlstt1.htm
whgdata\whlstt2.htm
whgdata\whlstt3.htm
whgdata\whlstt4.htm
whgdata\whlstt5.htm
whgdata\whlstt6.htm
whgdata\whlstt7.htm
whgdata\whlstt8.htm
whgdata\whlstt9.htm
whgdata\whlstt10.htm
whgdata\whlstt11.htm
whgdata\whlstt12.htm
whgdata\whlstt13.htm
whgdata\whlstt14.htm
whgdata\whlstt15.htm
whgdata\whlstt16.htm
whgdata\whlstt17.htm
whgdata\whlstt18.htm
whgdata\whlstt19.htm
whgdata\whlstt20.htm
whgdata\whlstt21.htm
whgdata\whlstt22.htm
whgdata\whlstt23.htm
whgdata\whlstt24.htm
whgdata\whlstt25.htm
whgdata\whlstt26.htm
whgdata\whlstt27.htm
whgdata\whlstt28.htm
whgdata\whlstt29.htm
whgdata\whlstt30.htm
whgdata\whlstt31.htm
whgdata\whlstt32.htm
whgdata\whlstt33.htm
whgdata\whlstt34.htm
whgdata\whlstt35.htm
whgdata\whlstt36.htm
whgdata\whlstt37.htm
whgdata\whlstt38.htm
whgdata\whlstt39.htm
whgdata\whlstt40.htm
whgdata\whlstt41.htm
whgdata\whlstt42.htm
whgdata\whlstt43.htm
whgdata\whlstt44.htm
whgdata\whlstt45.htm
whgdata\whlstt46.htm
whgdata\whlstt47.htm
whgdata\whlstt48.htm
whgdata\whlsti0.htm
whgdata\whlstf0.htm
whgdata\whlstf1.htm
whgdata\whlstf2.htm
whgdata\whlstf3.htm
whgdata\whlstf4.htm
whgdata\whlstf5.htm
whgdata\whlstf6.htm
whgdata\whlstf7.htm
whgdata\whlstf8.htm
whgdata\whlstf9.htm
whgdata\whlstf10.htm
whgdata\whlstf11.htm
whgdata\whlstf12.htm
whgdata\whlstf13.htm
whgdata\whlstf14.htm
whgdata\whlstf15.htm
whgdata\whlstf16.htm
whgdata\whlstf17.htm
whgdata\whlstf18.htm
whgdata\whlstf19.htm
whgdata\whlstf20.htm
whgdata\whlstf21.htm
whgdata\whlstf22.htm
whgdata\whlstf23.htm
whgdata\whlstf24.htm
whgdata\whlstf25.htm
whgdata\whlstf26.htm
whgdata\whlstf27.htm
whgdata\whlstf28.htm
whgdata\whlstf29.htm
whgdata\whlstf30.htm
whgdata\whlstf31.htm
whgdata\whlstf32.htm
whgdata\whlstf33.htm
whgdata\whlstf34.htm
whgdata\whlstf35.htm
whgdata\whlstf36.htm
whgdata\whlstf37.htm
whgdata\whlstf38.htm
whgdata\whlstf39.htm
whgdata\whlstf40.htm
whgdata\whlstf41.htm
whgdata\whlstf42.htm
whgdata\whlstf43.htm
whgdata\whlstf44.htm
whgdata\whlstf45.htm
whgdata\whlstf46.htm
whgdata\whlstf47.htm
whgdata\whlstf48.htm
whgdata\whlstg0.htm
index.htm
index_csh.htm
index_rhc.htm
