|SourceProjectName:My_Cloud_Mirror_Online_Help.hpr
|DestinationProjectName:index.htm
whhost.js
whmsg.js
whmozemu.js
whutils.js
whproxy.js
whstub.js
whver.js
whform.js
whphost.js
whstart.js
whtopic.js
whframes.js
whlang.js
xmlreadhelper.js
whskin_info.htm
whskin_blank.htm
whskin_pickup.htm
whskin_homepage.htm
whskin_tw.htm
whnjs.htm
whthost.js
whtdhtml.htm
whihost.js
whibody.htm
whiform.htm
whfhost.js
whfbody.htm
whfform.htm
whghost.js
whgbody.htm
whgdhtml.htm
whgdef.htm
whproj.js
whproj.htm
whdata\whtoc.js
whdata\whtoc.htm
whdata\whtdata.js
whdata\whidx.js
whdata\whidx.htm
whdata\whidata.js
whdata\whglo.js
whdata\whglo.htm
whdata\whgdata.js
whgdata\whnvp30.htm
whgdata\whnvp31.htm
whgdata\whnvp32.htm
whgdata\whnvp33.htm
whgdata\whnvt30.htm
whgdata\whnvt31.htm
whgdata\whnvt32.htm
whgdata\whnvt33.htm
whgdata\whnvf30.htm
whgdata\whnvf31.htm
whgdata\whnvf32.htm
whgdata\whnvf33.htm
whgdata\whnvl31.htm
whgdata\whnvl32.htm
whgdata\whnvl33.htm
whgdata\whexpbar.gif
cshdat_webhelp.htm
whcsh_home.htm
whcshdata.js
cshdat_robohelp.htm
wht_tab0.gif
wht_tab1.gif
wht_tab2.gif
wht_tab3.gif
wht_tab4.gif
wht_tab5.gif
wht_tab6.gif
wht_tab7.gif
wht_tab8.gif
wht_glo_h.gif
wht_glo_n.gif
wht_fts_h.gif
wht_fts_n.gif
wht_idx_h.gif
wht_idx_n.gif
wht_toc_h.gif
wht_toc_n.gif
wht_ws.gif
wht_ws_g.gif
wht_logo1.gif
wht_logo2.gif
wht_abgw.jpg
wht_abgi.jpg
wht_abge.jpg
wht_abtw.jpg
wht_abte.jpg
wht_abti.jpg
wht_spac.gif
wht_next.gif
wht_next_g.gif
wht_prev.gif
wht_prev_g.gif
wht_sync.gif
wht_hide.gif
wht_go.gif
whstart.ico
whestart.ico
whrstart.ico
whidhtml.htm
whfdhtml.htm
whskin_banner.htm
whtbar.js
1toc_help_book-nus.png
go.png
1toc_help_book.png
1toc_help_openbook.png
1toc_help_topic.png
whskin_pdhtml.htm
whskin_plist.htm
whskin_tbars.htm
whskin_mbars.htm
wht_toc4.gif
whskin_frmset010.htm
whst_topics.xml
whskin_frmset01.htm
index_hha.hhk
index.hhc
index.hhk
about_managing_cloud.htm
about_tasks.htm
access_at_home.htm
access_check_status.htm
access_from_laptop.htm
access_from_mobile.htm
adding_apps.htm
assigning_share_access_for_a_group.htm
auto_rebuilding_your_raid.htm
changing_the_raid_mode.htm
cloud_access_about.htm
cloud_one-time_setup.htm
config_about.htm
creating_a_p2p_download.htm
creating_a_remote_backup.htm
creating_a_usb_backup.htm
creating_a_user_group.htm
creating_an_amazon_s3_cloud_backup.htm
creating_an_internal_backup.htm
deleting_a_group.htm
deleting_a_usb_backup_job.htm
deleting_an_apps.htm
deleting_an_ftp_download.htm
deleting_an_http_download.htm
deleting_an_internal_backup_job.htm
dlna_about.htm
dlna_block.htm
dlna_itunes.htm
dlna_itunes_rescan.htm
dlna_rescan_and_rebuild.htm
editing_a_group_profile.htm
enabling_an_elephantdrive_cloud_backup.htm
enabling_disabling_apps.htm
general_access_connect_options.htm
general_access_turnon.htm
general_change_device_descrip.htm
general_change_device_name.htm
general_date_and_time.htm
general_energy.htm
general_language.htm
general_light.htm
general_sleep.htm
general_time_machine.htm
general_time_machine_off.htm
get_info.htm
get_start_setup_users.htm
get_started.htm
get_started_owner.htm
managing_web_files.htm
media_about.htm
media_dlna_turnon.htm
modifying_an_ftp_download.htm
modifying_an_http_download_.htm
modifying_an_internal_backup_job.htm
network_about.htm
network_address.htm
network_cable.htm
network_ftp.htm
network_mode.htm
network_ssh.htm
network_status.htm
network_workgroup.htm
notifications_configure.htm
port_forwarding.htm
remote_access_add_mobile.htm
remote_access_from_browser.htm
remote_access_remove_device.htm
remote_access_setup_general.htm
remote_basics.htm
scheduling_an_ftp_download.htm
scheduling_an_http_download.htm
setting_energy_saver_modes.htm
settings_general.htm
share_add.htm
share_delete.htm
shares_about.htm
sharing.htm
support_request.htm
updates_about.htm
updates_auto.htm
updates_file.htm
updates_manual.htm
updates_turn_on.htm
upload.htm
uploading_content_from_a_usb_drive.htm
user_about.htm
user_add.htm
user_change_access.htm
user_group_description.htm
user_password.htm
user_remove.htm
user_view.htm
utilities_about.htm
utilities_export.htm
utilities_import.htm
utilities_reboot.htm
utilities_restore.htm
utilities_shutdown.htm
utilities_tests.htm
viewing_group_information.htm
viewing_internal_bakup_job_details.htm
viewing_the_current_raid_mode.htm
welcome.htm
what_are_apps_.htm
what_are_user_groups_.htm
what_is_a_cloud_backup.htm
what_is_raid_storage.htm
index.glo
default.css
graphics\my_cloud_images\icon_settings_noaccess-01.png
graphics\send_email_wdcloud.png
graphics\my_cloud_images\add_group_icon.png
graphics\question_mark.png
graphics\icon_settings_readonlyaccess-01.png
graphics\my_cloud_images\add_user_icon.png
graphics\my_cloud_images\refresh_icon.png
toggle_button.png
graphics\anchor_up.png
graphics\anchor_down.png
graphics\my_cloud_images\uninstall_app_icon.png
graphics\read_only_icon.png
graphics\my_cloud_images\download_icon.png
graphics\arrow_right_orange.png
graphics\toggle_button.png
graphics\wd_my_cloud_mirror.png
graphics\icon_settings_noaccess-01.png
graphics\my_cloud_images\share_add_icon.png
graphics\read_write_icon.png
graphics\arrow_down_orange.png
graphics\my_cloud_images\delete_group_icon.png
graphics\my_cloud_images\move_icon.png
graphics\my_cloud_images\copy_icon.png
graphics\image015.png
graphics\image016.png
graphics\image017.png
graphics\icon_settings_readwriteaccess-01.png
graphics\remove_user_shares_screen.png
graphics\arrow_right_white.png
graphics\my_cloud_images\uploade_icon.png
graphics\my_cloud_images\delete_user_icon.png
graphics\my_cloud_images\delete_file_icon.png
graphics\my_cloud_images\rename_icon.png
graphics\my_cloud_images\delete_icon.png
graphics\circle_three.png
graphics\circle_two.png
graphics\circle_one.png
robohhre.lng
index.ppf
ehlpdhtm.js
searchoptions.xml
ss_btn_see_also.gif
whxdata\package_0_xml.js
whxdata\package_1_xml.js
whxdata\package_2_xml.js
whxdata\package_3_xml.js
whxdata\package_4_xml.js
whxdata\package_5_xml.js
whxdata\package_6_xml.js
whxdata\package_7_xml.js
whxdata\package_8_xml.js
whxdata\package_9_xml.js
whxdata\package_10_xml.js
whxdata\package_11_xml.js
whxdata\package_12_xml.js
whxdata\package_13_xml.js
whxdata\package_14_xml.js
whxdata\packageindex_xml.js
whxdata\synonym.xml
whxdata\synonym_xml.js
whxdata\topictable_0_xml.js
whxdata\topictable_1_xml.js
whxdata\topictableindex_xml.js
whxdata\whfts.xml
whxdata\whfts_xml.js
whproj_xml.js
whxdata\whtoc_xml.js
whxdata\whidx_xml.js
whxdata\whglo_xml.js
resource\resource_xml.js
whbrs_xml.js
whres_xml.js
whcsh_xml.js
whxdata\whtdata0_xml.js
whdata\whtdata0.htm
whgdata\whlstt0.htm
whgdata\whlstt1.htm
whgdata\whlstt2.htm
whgdata\whlstt3.htm
whgdata\whlstt4.htm
whgdata\whlstt5.htm
whgdata\whlstt6.htm
whgdata\whlstt7.htm
whgdata\whlstt8.htm
whgdata\whlstt9.htm
whgdata\whlstt10.htm
whgdata\whlstt11.htm
whgdata\whlstt12.htm
whgdata\whlstt13.htm
whgdata\whlstt14.htm
whgdata\whlstt15.htm
whgdata\whlstt16.htm
whgdata\whlstt17.htm
whgdata\whlstt18.htm
whgdata\whlstt19.htm
whgdata\whlstt20.htm
whgdata\whlstt21.htm
whgdata\whlstt22.htm
whgdata\whlstt23.htm
whgdata\whlstt24.htm
whgdata\whlstt25.htm
whgdata\whlstt26.htm
whgdata\whlsti0.htm
whgdata\whlstfl0.htm
whgdata\whlstfl1.htm
whgdata\whlstfl2.htm
whgdata\whlstfl3.htm
whgdata\whlstfl4.htm
whgdata\whlstfl5.htm
whgdata\whlstfl6.htm
whgdata\whlstfl7.htm
whgdata\whlstfl8.htm
whgdata\whlstfl9.htm
whgdata\whlstfl10.htm
whgdata\whlstfl11.htm
whgdata\whlstfl12.htm
whgdata\whlstfl13.htm
whgdata\whlstfl14.htm
whgdata\whlstfl15.htm
whgdata\whlstfl16.htm
whgdata\whlstfl17.htm
whgdata\whlstfl18.htm
whgdata\whlstfl19.htm
whgdata\whlstfl20.htm
whgdata\whlstfl21.htm
whgdata\whlstfl22.htm
whgdata\whlstf0.htm
whgdata\whlstf1.htm
whgdata\whlstf2.htm
whgdata\whlstf3.htm
whgdata\whlstf4.htm
whgdata\whlstf5.htm
whgdata\whlstf6.htm
whgdata\whlstf7.htm
whgdata\whlstf8.htm
whgdata\whlstf9.htm
whgdata\whlstf10.htm
whgdata\whlstf11.htm
whgdata\whlstf12.htm
whgdata\whlstf13.htm
whgdata\whlstf14.htm
whgdata\whlstf15.htm
whgdata\whlstf16.htm
whgdata\whlstf17.htm
whgdata\whlstg0.htm
index.htm
index_csh.htm
index_rhc.htm
